<?xml version="1.0" encoding="UTF-8"?>
<!-- Generated by org.testng.reporters.JUnitXMLReporter -->
<testsuite ignored="0" hostname="Lenovo" failures="0" tests="1" name="Edge_test" time="37.266" errors="0" timestamp="2020-05-26T23:40:46 IST">
  <testcase classname="Base" name="@BeforeTest LaunchBrowswer" time="37.214">
    <failure type="org.openqa.selenium.WebDriverException" message="unknown error: cannot find MSEdge binary
Build info: version: &amp;apos;3.141.59&amp;apos;, revision: &amp;apos;e82be7d358&amp;apos;, time: &amp;apos;2018-11-14T08:17:03&amp;apos;
System info: host: &amp;apos;LENOVO&amp;apos;, ip: &amp;apos;192.168.43.21&amp;apos;, os.name: &amp;apos;Windows 8.1&amp;apos;, os.arch: &amp;apos;amd64&amp;apos;, os.version: &amp;apos;6.3&amp;apos;, java.version: &amp;apos;13.0.2&amp;apos;
Driver info: driver.version: EdgeDriver
remote stacktrace: Backtrace:
	Ordinal0 [0x00007FF700AD6DC2+3239362]
	Ordinal0 [0x00007FF7009C8C72+2133106]
	Ordinal0 [0x00007FF7008727B4+731060]
	Ordinal0 [0x00007FF7007D337A+78714]
	Ordinal0 [0x00007FF7007D108D+69773]
	Ordinal0 [0x00007FF7007FFBCB+261067]
	Ordinal0 [0x00007FF7007FCB9F+248735]
	Ordinal0 [0x00007FF7007DA1A3+106915]
	Ordinal0 [0x00007FF7007DB50E+111886]
	Ordinal0 [0x00007FF7009E4791+2246545]
	GetHandleVerifier [0x00007FF700BB5E64+768148]
	GetHandleVerifier [0x00007FF700BB5C21+767569]
	GetHandleVerifier [0x00007FF700BCEA01+869425]
	GetHandleVerifier [0x00007FF700BB66C7+770295]
	Ordinal0 [0x00007FF7009DA324+2204452]
	Ordinal0 [0x00007FF7009E666E+2254446]
	Ordinal0 [0x00007FF700A04721+2377505]
	BaseThreadInitThunk [0x00007FFC70EB15BD+13]
	RtlUserThreadStart [0x00007FFC71EC43D1+29]
">
      <![CDATA[org.openqa.selenium.WebDriverException: unknown error: cannot find MSEdge binary
Build info: version: '3.141.59', revision: 'e82be7d358', time: '2018-11-14T08:17:03'
System info: host: 'LENOVO', ip: '192.168.43.21', os.name: 'Windows 8.1', os.arch: 'amd64', os.version: '6.3', java.version: '13.0.2'
Driver info: driver.version: EdgeDriver
remote stacktrace: Backtrace:
Ordinal0 [0x00007FF700AD6DC2+3239362]
Ordinal0 [0x00007FF7009C8C72+2133106]
Ordinal0 [0x00007FF7008727B4+731060]
Ordinal0 [0x00007FF7007D337A+78714]
Ordinal0 [0x00007FF7007D108D+69773]
Ordinal0 [0x00007FF7007FFBCB+261067]
Ordinal0 [0x00007FF7007FCB9F+248735]
Ordinal0 [0x00007FF7007DA1A3+106915]
Ordinal0 [0x00007FF7007DB50E+111886]
Ordinal0 [0x00007FF7009E4791+2246545]
GetHandleVerifier [0x00007FF700BB5E64+768148]
GetHandleVerifier [0x00007FF700BB5C21+767569]
GetHandleVerifier [0x00007FF700BCEA01+869425]
GetHandleVerifier [0x00007FF700BB66C7+770295]
Ordinal0 [0x00007FF7009DA324+2204452]
Ordinal0 [0x00007FF7009E666E+2254446]
Ordinal0 [0x00007FF700A04721+2377505]
BaseThreadInitThunk [0x00007FFC70EB15BD+13]
RtlUserThreadStart [0x00007FFC71EC43D1+29]

at org.openqa.selenium.remote.W3CHandshakeResponse.lambda$errorHandler$0(W3CHandshakeResponse.java:62)
at org.openqa.selenium.remote.HandshakeResponse.lambda$getResponseFunction$0(HandshakeResponse.java:30)
at org.openqa.selenium.remote.ProtocolHandshake.lambda$createSession$0(ProtocolHandshake.java:126)
at java.base/java.util.stream.ReferencePipeline$3$1.accept(ReferencePipeline.java:195)
at java.base/java.util.Spliterators$ArraySpliterator.tryAdvance(Spliterators.java:958)
at java.base/java.util.stream.ReferencePipeline.forEachWithCancel(ReferencePipeline.java:127)
at java.base/java.util.stream.AbstractPipeline.copyIntoWithCancel(AbstractPipeline.java:502)
at java.base/java.util.stream.AbstractPipeline.copyInto(AbstractPipeline.java:488)
at java.base/java.util.stream.AbstractPipeline.wrapAndCopyInto(AbstractPipeline.java:474)
at java.base/java.util.stream.FindOps$FindOp.evaluateSequential(FindOps.java:150)
at java.base/java.util.stream.AbstractPipeline.evaluate(AbstractPipeline.java:234)
at java.base/java.util.stream.ReferencePipeline.findFirst(ReferencePipeline.java:543)
at org.openqa.selenium.remote.ProtocolHandshake.createSession(ProtocolHandshake.java:128)
at org.openqa.selenium.remote.ProtocolHandshake.createSession(ProtocolHandshake.java:74)
at org.openqa.selenium.remote.HttpCommandExecutor.execute(HttpCommandExecutor.java:136)
at org.openqa.selenium.remote.service.DriverCommandExecutor.execute(DriverCommandExecutor.java:83)
at org.openqa.selenium.remote.RemoteWebDriver.execute(RemoteWebDriver.java:552)
at org.openqa.selenium.remote.RemoteWebDriver.startSession(RemoteWebDriver.java:213)
at org.openqa.selenium.remote.RemoteWebDriver.<init>(RemoteWebDriver.java:131)
at org.openqa.selenium.edge.EdgeDriver.<init>(EdgeDriver.java:141)
at org.openqa.selenium.edge.EdgeDriver.<init>(EdgeDriver.java:96)
at Base.LaunchBrowswer(Base.java:34)
... Removed 29 stack frames]]>
    </failure>
  </testcase> <!-- @BeforeTest LaunchBrowswer -->
  <testcase classname="Base" name="@AfterTest terminateBrowser" time="-1.590516646068E9">
    <skipped/>
  </testcase> <!-- @AfterTest terminateBrowser -->
  <testcase classname="FlightBooking" name="Booking" time="0.0">
    <skipped/>
  </testcase> <!-- Booking -->
</testsuite> <!-- Edge_test -->
